{
  "RSpec": {
    "coverage": {
      "/Users/barnabyalter/Sites/barnaby.dev/htdocs/nyulibraries_errors/spec/dummy/config/environment.rb": [
        null,
        1,
        null,
        null,
        1
      ],
      "/Users/barnabyalter/Sites/barnaby.dev/htdocs/nyulibraries_errors/spec/dummy/config/application.rb": [
        1,
        null,
        null,
        1,
        1,
        1,
        1,
        1,
        null,
        null,
        1,
        1,
        null,
        1,
        1,
        null,
        null,
        null,
        null,
        null,
        null,
        null,
        null,
        null,
        null,
        null,
        null,
        null,
        null
      ],
      "/Users/barnabyalter/Sites/barnaby.dev/htdocs/nyulibraries_errors/spec/dummy/config/boot.rb": [
        null,
        1,
        null,
        1,
        1
      ],
      "/Users/barnabyalter/Sites/barnaby.dev/htdocs/nyulibraries_errors/lib/nyulibraries_errors.rb": [
        1,
        null,
        1,
        null
      ],
      "/Users/barnabyalter/Sites/barnaby.dev/htdocs/nyulibraries_errors/lib/nyulibraries_errors/engine.rb": [
        1,
        1,
        null,
        1,
        null,
        null,
        1,
        1,
        null,
        null,
        null,
        1,
        1,
        null,
        null,
        null,
        1,
        null,
        null,
        1,
        1,
        null,
        null,
        1,
        1,
        1,
        1,
        1,
        null,
        null,
        null
      ],
      "/Users/barnabyalter/Sites/barnaby.dev/htdocs/nyulibraries_errors/spec/dummy/config/environments/test.rb": [
        1,
        null,
        null,
        null,
        null,
        null,
        null,
        1,
        null,
        null,
        null,
        null,
        1,
        null,
        null,
        1,
        1,
        null,
        null,
        1,
        1,
        null,
        null,
        1,
        null,
        null,
        1,
        null,
        null,
        null,
        null,
        1,
        null,
        null,
        1,
        null,
        null,
        null,
        null
      ],
      "/Users/barnabyalter/Sites/barnaby.dev/htdocs/nyulibraries_errors/spec/dummy/config/initializers/assets.rb": [
        null,
        null,
        null,
        1,
        null,
        null,
        null,
        null
      ],
      "/Users/barnabyalter/Sites/barnaby.dev/htdocs/nyulibraries_errors/spec/dummy/config/initializers/backtrace_silencers.rb": [
        null,
        null,
        null,
        null,
        null,
        null,
        null
      ],
      "/Users/barnabyalter/Sites/barnaby.dev/htdocs/nyulibraries_errors/spec/dummy/config/initializers/cookies_serializer.rb": [
        null,
        null,
        1
      ],
      "/Users/barnabyalter/Sites/barnaby.dev/htdocs/nyulibraries_errors/spec/dummy/config/initializers/filter_parameter_logging.rb": [
        null,
        null,
        null,
        1
      ],
      "/Users/barnabyalter/Sites/barnaby.dev/htdocs/nyulibraries_errors/spec/dummy/config/initializers/inflections.rb": [
        null,
        null,
        null,
        null,
        null,
        null,
        null,
        null,
        null,
        null,
        null,
        null,
        null,
        null,
        null,
        null
      ],
      "/Users/barnabyalter/Sites/barnaby.dev/htdocs/nyulibraries_errors/spec/dummy/config/initializers/mime_types.rb": [
        null,
        null,
        null,
        null
      ],
      "/Users/barnabyalter/Sites/barnaby.dev/htdocs/nyulibraries_errors/spec/dummy/config/initializers/session_store.rb": [
        null,
        null,
        1
      ],
      "/Users/barnabyalter/Sites/barnaby.dev/htdocs/nyulibraries_errors/spec/dummy/config/initializers/wrap_parameters.rb": [
        null,
        null,
        null,
        null,
        null,
        null,
        1,
        1,
        null,
        null,
        null,
        null,
        null,
        null
      ],
      "/Users/barnabyalter/Sites/barnaby.dev/htdocs/nyulibraries_errors/spec/dummy/app/controllers/application_controller.rb": [
        1,
        null,
        null,
        1,
        null
      ],
      "/Users/barnabyalter/Sites/barnaby.dev/htdocs/nyulibraries_errors/spec/dummy/app/helpers/application_helper.rb": [
        1,
        null
      ],
      "/Users/barnabyalter/Sites/barnaby.dev/htdocs/nyulibraries_errors/app/helpers/nyulibraries_errors/errors_helper.rb": [
        1,
        1,
        null,
        1,
        null,
        null,
        null,
        null,
        null,
        5,
        null,
        null,
        1,
        3,
        null,
        2,
        2,
        null,
        1,
        null,
        null,
        null,
        1,
        3,
        null,
        null,
        1,
        3,
        null,
        null,
        1,
        0,
        null,
        null,
        1,
        6,
        null,
        4,
        null,
        null,
        1,
        3,
        null,
        2,
        null,
        null,
        1,
        null,
        4,
        null,
        0,
        4,
        null,
        null,
        1,
        null,
        2,
        null,
        1,
        2,
        null,
        null,
        null,
        null
      ],
      "/Users/barnabyalter/Sites/barnaby.dev/htdocs/nyulibraries_errors/spec/dummy/config/routes.rb": [
        1,
        null,
        null
      ],
      "/Users/barnabyalter/Sites/barnaby.dev/htdocs/nyulibraries_errors/config/routes.rb": [
        1,
        1,
        1,
        1,
        null
      ],
      "/Users/barnabyalter/Sites/barnaby.dev/htdocs/nyulibraries_errors/spec/spec_helper.rb": [
        null,
        null,
        null,
        null,
        null,
        null,
        null,
        null,
        null,
        null,
        null,
        null,
        null,
        null,
        null,
        null,
        null,
        null,
        1,
        null,
        null,
        null,
        1,
        null,
        null,
        null,
        null,
        null,
        null,
        null,
        1,
        null,
        null,
        null,
        null,
        1,
        null,
        null,
        null,
        1,
        null,
        null,
        null,
        null,
        null,
        null,
        null,
        null,
        null,
        null,
        null,
        null,
        null,
        null,
        null,
        null,
        null,
        null,
        null,
        null,
        null,
        null,
        null,
        null,
        null,
        null,
        null,
        null,
        null,
        null,
        null,
        null,
        null,
        null,
        null,
        null,
        null,
        null,
        null,
        null,
        null,
        null,
        null,
        null,
        null,
        null,
        null,
        null,
        null,
        null,
        null,
        null
      ],
      "/Users/barnabyalter/Sites/barnaby.dev/htdocs/nyulibraries_errors/spec/controllers/nyulibraries_errors/errors_controller_spec.rb": [
        1,
        7,
        1,
        3,
        3,
        2,
        1,
        1,
        null,
        null,
        1,
        3,
        3,
        2,
        1,
        1,
        null,
        null,
        1,
        3,
        3,
        2,
        1,
        1,
        null,
        null,
        null
      ],
      "/Users/barnabyalter/Sites/barnaby.dev/htdocs/nyulibraries_errors/app/controllers/nyulibraries_errors/errors_controller.rb": [
        1,
        1,
        1,
        null,
        1,
        2,
        null,
        null,
        1,
        2,
        null,
        null,
        1,
        2,
        null,
        null,
        null,
        null
      ],
      "/Users/barnabyalter/Sites/barnaby.dev/htdocs/nyulibraries_errors/spec/helpers/nyulibraries_errors/errors_helper_spec.rb": [
        1,
        1,
        null,
        1,
        null,
        1,
        6,
        2,
        2,
        2,
        2,
        2,
        null,
        null,
        1,
        4,
        4,
        1,
        2,
        2,
        null,
        1,
        2,
        2,
        null,
        1,
        2,
        2,
        null,
        null,
        null,
        1,
        4,
        4,
        4,
        1,
        2,
        2,
        null,
        1,
        2,
        2,
        null,
        1,
        2,
        2,
        null,
        null,
        null,
        1,
        4,
        4,
        4,
        1,
        2,
        2,
        null,
        1,
        2,
        2,
        null,
        1,
        2,
        2,
        null,
        null,
        null,
        1,
        4,
        4,
        4,
        1,
        2,
        2,
        null,
        1,
        2,
        2,
        null,
        1,
        2,
        2,
        null,
        null,
        null
      ]
    },
    "timestamp": 1463603311
  }
}
